<?xml version="1.0" encoding="UTF-8"?>
<coverage generated="1629289052549" clover="3.2.0">
  <project timestamp="1629289052549" name="All files">
    <metrics statements="68" coveredstatements="62" conditionals="18" coveredconditionals="11" methods="14" coveredmethods="14" elements="100" coveredelements="87" complexity="0" loc="68" ncloc="68" packages="1" files="2" classes="2"/>
    <file name="queue.js" path="/Users/jaisurya/Desktop/JS-Stack_Qeueu-Implementation/JS-Stack-Queue/queue.js">
      <metrics statements="41" coveredstatements="35" conditionals="10" coveredconditionals="6" methods="8" coveredmethods="8"/>
      <line num="3" count="12" type="cond" truecount="2" falsecount="0"/>
      <line num="4" count="12" type="stmt"/>
      <line num="5" count="12" type="stmt"/>
      <line num="6" count="12" type="stmt"/>
      <line num="7" count="12" type="stmt"/>
      <line num="9" count="13" type="stmt"/>
      <line num="10" count="12" type="stmt"/>
      <line num="12" count="12" type="stmt"/>
      <line num="13" count="11" type="cond" truecount="1" falsecount="1"/>
      <line num="14" count="0" type="stmt"/>
      <line num="15" count="0" type="stmt"/>
      <line num="17" count="11" type="stmt"/>
      <line num="19" count="11" type="stmt"/>
      <line num="20" count="11" type="stmt"/>
      <line num="21" count="11" type="stmt"/>
      <line num="23" count="11" type="stmt"/>
      <line num="26" count="12" type="stmt"/>
      <line num="27" count="2" type="cond" truecount="1" falsecount="1"/>
      <line num="28" count="0" type="stmt"/>
      <line num="29" count="0" type="stmt"/>
      <line num="31" count="2" type="stmt"/>
      <line num="32" count="2" type="stmt"/>
      <line num="33" count="2" type="stmt"/>
      <line num="34" count="2" type="stmt"/>
      <line num="35" count="2" type="stmt"/>
      <line num="36" count="2" type="stmt"/>
      <line num="38" count="2" type="stmt"/>
      <line num="41" count="12" type="stmt"/>
      <line num="42" count="1" type="cond" truecount="1" falsecount="1"/>
      <line num="43" count="0" type="stmt"/>
      <line num="45" count="1" type="stmt"/>
      <line num="47" count="12" type="stmt"/>
      <line num="48" count="1" type="cond" truecount="1" falsecount="1"/>
      <line num="49" count="0" type="stmt"/>
      <line num="51" count="1" type="stmt"/>
      <line num="58" count="2" type="stmt"/>
      <line num="59" count="4" type="stmt"/>
      <line num="60" count="2" type="stmt"/>
      <line num="61" count="2" type="stmt"/>
      <line num="64" count="1" type="stmt"/>
      <line num="98" count="1" type="stmt"/>
    </file>
    <file name="stack.js" path="/Users/jaisurya/Desktop/JS-Stack_Qeueu-Implementation/JS-Stack-Queue/stack.js">
      <metrics statements="27" coveredstatements="27" conditionals="8" coveredconditionals="5" methods="6" coveredmethods="6"/>
      <line num="2" count="11" type="stmt"/>
      <line num="3" count="11" type="cond" truecount="2" falsecount="0"/>
      <line num="4" count="11" type="stmt"/>
      <line num="5" count="11" type="stmt"/>
      <line num="6" count="11" type="stmt"/>
      <line num="8" count="11" type="stmt"/>
      <line num="9" count="11" type="stmt"/>
      <line num="10" count="9" type="cond" truecount="1" falsecount="1"/>
      <line num="12" count="9" type="stmt"/>
      <line num="13" count="9" type="stmt"/>
      <line num="14" count="9" type="stmt"/>
      <line num="16" count="11" type="stmt"/>
      <line num="17" count="1" type="cond" truecount="1" falsecount="1"/>
      <line num="19" count="1" type="stmt"/>
      <line num="21" count="1" type="stmt"/>
      <line num="22" count="1" type="stmt"/>
      <line num="23" count="1" type="stmt"/>
      <line num="24" count="1" type="stmt"/>
      <line num="26" count="11" type="stmt"/>
      <line num="27" count="1" type="cond" truecount="1" falsecount="1"/>
      <line num="29" count="1" type="stmt"/>
      <line num="30" count="1" type="stmt"/>
      <line num="31" count="1" type="stmt"/>
      <line num="33" count="1" type="stmt"/>
      <line num="40" count="1" type="stmt"/>
      <line num="42" count="1" type="stmt"/>
      <line num="59" count="1" type="stmt"/>
    </file>
  </project>
</coverage>
