TN:
SF:queue.js
FN:1,Queue
FN:9,(anonymous_1)
FN:10,(anonymous_2)
FN:12,(anonymous_3)
FN:26,(anonymous_4)
FN:41,(anonymous_5)
FN:47,(anonymous_6)
FN:57,unshift
FNF:8
FNH:8
FNDA:12,Queue
FNDA:13,(anonymous_1)
FNDA:4,(anonymous_2)
FNDA:11,(anonymous_3)
FNDA:2,(anonymous_4)
FNDA:1,(anonymous_5)
FNDA:1,(anonymous_6)
FNDA:2,unshift
DA:3,12
DA:4,12
DA:5,12
DA:6,12
DA:7,12
DA:9,13
DA:10,12
DA:12,12
DA:13,11
DA:14,0
DA:15,0
DA:17,11
DA:19,11
DA:20,11
DA:21,11
DA:23,11
DA:26,12
DA:27,2
DA:28,0
DA:29,0
DA:31,2
DA:32,2
DA:33,2
DA:34,2
DA:35,2
DA:36,2
DA:38,2
DA:41,12
DA:42,1
DA:43,0
DA:45,1
DA:47,12
DA:48,1
DA:49,0
DA:51,1
DA:58,2
DA:59,4
DA:60,2
DA:61,2
DA:64,1
DA:98,1
LF:41
LH:35
BRDA:3,0,0,10
BRDA:3,0,1,2
BRDA:13,1,0,0
BRDA:13,1,1,11
BRDA:27,2,0,0
BRDA:27,2,1,2
BRDA:42,3,0,0
BRDA:42,3,1,1
BRDA:48,4,0,0
BRDA:48,4,1,1
BRF:10
BRH:6
end_of_record
TN:
SF:stack.js
FN:1,Stack
FN:6,(anonymous_1)
FN:8,(anonymous_2)
FN:9,(anonymous_3)
FN:16,(anonymous_4)
FN:26,(anonymous_5)
FNF:6
FNH:6
FNDA:11,Stack
FNDA:3,(anonymous_1)
FNDA:10,(anonymous_2)
FNDA:9,(anonymous_3)
FNDA:1,(anonymous_4)
FNDA:1,(anonymous_5)
DA:2,11
DA:3,11
DA:4,11
DA:5,11
DA:6,11
DA:8,11
DA:9,11
DA:10,9
DA:12,9
DA:13,9
DA:14,9
DA:16,11
DA:17,1
DA:19,1
DA:21,1
DA:22,1
DA:23,1
DA:24,1
DA:26,11
DA:27,1
DA:29,1
DA:30,1
DA:31,1
DA:33,1
DA:40,1
DA:42,1
DA:59,1
LF:27
LH:27
BRDA:3,0,0,8
BRDA:3,0,1,3
BRDA:10,1,0,0
BRDA:10,1,1,9
BRDA:17,2,0,0
BRDA:17,2,1,1
BRDA:27,3,0,0
BRDA:27,3,1,1
BRF:8
BRH:5
end_of_record
